{"/Users/soichiroito/dev/fizzbuzz-Ito/src/index.ts": {"path":"/Users/soichiroito/dev/fizzbuzz-Ito/src/index.ts","statementMap":{"0":{"start":{"line":3,"column":2},"end":{"line":5,"column":null}},"1":{"start":{"line":4,"column":4},"end":{"line":4,"column":21}},"2":{"start":{"line":6,"column":2},"end":{"line":6,"column":13}},"3":{"start":{"line":1,"column":0},"end":{"line":1,"column":16}},"4":{"start":{"line":8,"column":0},"end":{"line":8,"column":20}}},"fnMap":{"0":{"name":"printOneToHundred","decl":{"start":{"line":1,"column":16},"end":{"line":1,"column":33}},"loc":{"start":{"line":1,"column":33},"end":{"line":7,"column":1}}}},"branchMap":{},"s":{"0":2,"1":200,"2":2,"3":1,"4":1},"f":{"0":2},"b":{}}
}
